<?xml version="1.0" encoding="UTF-8"?>
<testsuite name="one.digitalinnovation.junit.PessoaTest" tests="1" skipped="0" failures="0" errors="0" timestamp="2023-04-16T22:17:23" hostname="DESKTOP-CER5HM6" time="0.021">
  <properties/>
  <testcase name="validarCalculoDeIdade()" classname="one.digitalinnovation.junit.PessoaTest" time="0.021"/>
  <system-out><![CDATA[]]></system-out>
  <system-err><![CDATA[]]></system-err>
</testsuite>
